<?xml version="1.0" encoding="UTF-8"?>
<!-- Generated by org.testng.reporters.JUnitReportReporter -->
<testsuite hostname="LAPTOP-6AGQ7HPI" failures="0" tests="1" name="QASeleniumtesting.Mavenjava.SeleniumTest" time="0.016" errors="0" timestamp="2021-03-19T11:52:08 IST" skipped="0">
  <testcase classname="QASeleniumtesting.Mavenjava.SeleniumTest" name="Selenium_logged" time="0.016"/>
  <system-out/>
</testsuite> <!-- QASeleniumtesting.Mavenjava.SeleniumTest -->
