<?xml version="1.0" encoding="UTF-8"?>
<!-- Generated by org.testng.reporters.JUnitReportReporter -->
<testsuite hostname="LAPTOP-6AGQ7HPI" failures="0" tests="2" name="QASeleniumtesting.Mavenjava.AppiumTest" time="0.004" errors="0" timestamp="2021-03-19T10:09:34 IST" skipped="0">
  <testcase classname="QASeleniumtesting.Mavenjava.AppiumTest" name="Appium_login" time="0.000"/>
  <system-out/>
  <testcase classname="QASeleniumtesting.Mavenjava.AppiumTest" name="Appium_logged" time="0.004"/>
  <system-out/>
</testsuite> <!-- QASeleniumtesting.Mavenjava.AppiumTest -->
