<?xml version="1.0" encoding="UTF-8"?>
<!-- Generated by org.testng.reporters.JUnitReportReporter -->
<testsuite hostname="LAPTOP-6AGQ7HPI" failures="0" tests="2" name="QASeleniumtesting.Mavenjava.RestAPITest" time="0.000" errors="0" timestamp="2021-03-19T10:09:34 IST" skipped="0">
  <testcase classname="QASeleniumtesting.Mavenjava.RestAPITest" name="RestAPI_logged" time="0.000"/>
  <system-out/>
  <testcase classname="QASeleniumtesting.Mavenjava.RestAPITest" name="RestAPI_login" time="0.000"/>
  <system-out/>
</testsuite> <!-- QASeleniumtesting.Mavenjava.RestAPITest -->
